[ 2017-09-09T10:58:17+08:00 ] 127.0.0.1 /index.php/Admin
INFO: [ app_init ] --START--
INFO: Run Behavior\BuildLiteBehavior [ RunTime:0.000000s ]
INFO: [ app_init ] --END-- [ RunTime:0.003000s ]
INFO: [ app_begin ] --START--
INFO: Run Behavior\ReadHtmlCacheBehavior [ RunTime:0.002000s ]
INFO: [ app_begin ] --END-- [ RunTime:0.002000s ]
INFO: [ view_parse ] --START--
INFO: [ template_filter ] --START--
INFO: Run Behavior\ContentReplaceBehavior [ RunTime:0.000000s ]
INFO: [ template_filter ] --END-- [ RunTime:0.000000s ]
INFO: Run Behavior\ParseTemplateBehavior [ RunTime:0.057003s ]
INFO: [ view_parse ] --END-- [ RunTime:0.057003s ]
INFO: [ view_filter ] --START--
INFO: Run Behavior\WriteHtmlCacheBehavior [ RunTime:0.001000s ]
INFO: [ view_filter ] --END-- [ RunTime:0.001000s ]

[ 2017-09-09T10:58:21+08:00 ] 127.0.0.1 /index.php/Admin/index/login.html
INFO: [ app_init ] --START--
INFO: Run Behavior\BuildLiteBehavior [ RunTime:0.000000s ]
INFO: [ app_init ] --END-- [ RunTime:0.000000s ]
INFO: [ app_begin ] --START--
INFO: Run Behavior\ReadHtmlCacheBehavior [ RunTime:0.001000s ]
INFO: [ app_begin ] --END-- [ RunTime:0.001000s ]
SQL: SHOW COLUMNS FROM `tp_role` [ RunTime:0.0240s ]
SQL: SELECT * FROM `tp_role` LIMIT 1   [ RunTime:0.0000s ]
INFO: [ view_parse ] --START--
INFO: [ template_filter ] --START--
INFO: Run Behavior\ContentReplaceBehavior [ RunTime:0.000000s ]
INFO: [ template_filter ] --END-- [ RunTime:0.000000s ]
INFO: Run Behavior\ParseTemplateBehavior [ RunTime:0.006001s ]
INFO: [ view_parse ] --END-- [ RunTime:0.006001s ]
INFO: [ view_filter ] --START--
INFO: Run Behavior\WriteHtmlCacheBehavior [ RunTime:0.000000s ]
INFO: [ view_filter ] --END-- [ RunTime:0.000000s ]
INFO: [ app_end ] --START--
INFO: Run Behavior\ShowPageTraceBehavior [ RunTime:0.001000s ]
INFO: [ app_end ] --END-- [ RunTime:0.001000s ]

[ 2017-09-09T10:58:22+08:00 ] 127.0.0.1 /index.php/Admin/index/login.html
INFO: [ app_init ] --START--
INFO: Run Behavior\BuildLiteBehavior [ RunTime:0.000000s ]
INFO: [ app_init ] --END-- [ RunTime:0.000000s ]
INFO: [ app_begin ] --START--
INFO: Run Behavior\ReadHtmlCacheBehavior [ RunTime:0.000000s ]
INFO: [ app_begin ] --END-- [ RunTime:0.000000s ]
SQL: SHOW COLUMNS FROM `tp_role` [ RunTime:0.0090s ]
SQL: SELECT * FROM `tp_role` LIMIT 1   [ RunTime:0.0010s ]
SQL: SHOW COLUMNS FROM `tp_agency` [ RunTime:0.0360s ]
SQL: SELECT * FROM `tp_agency` WHERE ( username = 'root' ) LIMIT 1   [ RunTime:0.0010s ]
INFO: [ view_parse ] --START--
INFO: [ template_filter ] --START--
INFO: Run Behavior\ContentReplaceBehavior [ RunTime:0.000000s ]
INFO: [ template_filter ] --END-- [ RunTime:0.000000s ]
INFO: Run Behavior\ParseTemplateBehavior [ RunTime:0.006000s ]
INFO: [ view_parse ] --END-- [ RunTime:0.006000s ]
INFO: [ view_filter ] --START--
INFO: Run Behavior\WriteHtmlCacheBehavior [ RunTime:0.001000s ]
INFO: [ view_filter ] --END-- [ RunTime:0.001000s ]

[ 2017-09-09T10:58:23+08:00 ] 127.0.0.1 /index.php/Admin/Index/index.html
INFO: [ app_init ] --START--
INFO: Run Behavior\BuildLiteBehavior [ RunTime:0.000000s ]
INFO: [ app_init ] --END-- [ RunTime:0.000000s ]
INFO: [ app_begin ] --START--
INFO: Run Behavior\ReadHtmlCacheBehavior [ RunTime:0.001000s ]
INFO: [ app_begin ] --END-- [ RunTime:0.001000s ]
SQL: SHOW COLUMNS FROM `tp_role` [ RunTime:0.0060s ]
SQL: SELECT * FROM `tp_role` WHERE `role_id` = 1 LIMIT 1   [ RunTime:0.0000s ]
INFO: [ view_parse ] --START--
INFO: [ template_filter ] --START--
INFO: Run Behavior\ContentReplaceBehavior [ RunTime:0.000000s ]
INFO: [ template_filter ] --END-- [ RunTime:0.000000s ]
INFO: Run Behavior\ParseTemplateBehavior [ RunTime:0.015001s ]
INFO: [ view_parse ] --END-- [ RunTime:0.016001s ]
INFO: [ view_filter ] --START--
INFO: Run Behavior\WriteHtmlCacheBehavior [ RunTime:0.000000s ]
INFO: [ view_filter ] --END-- [ RunTime:0.000000s ]
INFO: [ app_end ] --START--
INFO: Run Behavior\ShowPageTraceBehavior [ RunTime:0.000000s ]
INFO: [ app_end ] --END-- [ RunTime:0.000000s ]

[ 2017-09-09T10:58:23+08:00 ] 127.0.0.1 /index.php/Admin/Index/top.html
INFO: [ app_init ] --START--
INFO: Run Behavior\BuildLiteBehavior [ RunTime:0.000000s ]
INFO: [ app_init ] --END-- [ RunTime:0.001000s ]
INFO: [ app_begin ] --START--
INFO: Run Behavior\ReadHtmlCacheBehavior [ RunTime:0.000000s ]
INFO: [ app_begin ] --END-- [ RunTime:0.000000s ]
SQL: SHOW COLUMNS FROM `tp_role` [ RunTime:0.0070s ]
SQL: SELECT * FROM `tp_role` WHERE `role_id` = 1 LIMIT 1   [ RunTime:0.0010s ]
INFO: [ view_parse ] --START--
INFO: [ template_filter ] --START--
INFO: Run Behavior\ContentReplaceBehavior [ RunTime:0.000000s ]
INFO: [ template_filter ] --END-- [ RunTime:0.000000s ]
INFO: Run Behavior\ParseTemplateBehavior [ RunTime:0.010001s ]
INFO: [ view_parse ] --END-- [ RunTime:0.010001s ]
INFO: [ view_filter ] --START--
INFO: Run Behavior\WriteHtmlCacheBehavior [ RunTime:0.000000s ]
INFO: [ view_filter ] --END-- [ RunTime:0.000000s ]
INFO: [ app_end ] --START--
INFO: Run Behavior\ShowPageTraceBehavior [ RunTime:0.001000s ]
INFO: [ app_end ] --END-- [ RunTime:0.001000s ]

[ 2017-09-09T10:58:24+08:00 ] 127.0.0.1 /index.php/Admin/Index/left.html
INFO: [ app_init ] --START--
INFO: Run Behavior\BuildLiteBehavior [ RunTime:0.000000s ]
INFO: [ app_init ] --END-- [ RunTime:0.000000s ]
INFO: [ app_begin ] --START--
INFO: Run Behavior\ReadHtmlCacheBehavior [ RunTime:0.000000s ]
INFO: [ app_begin ] --END-- [ RunTime:0.000000s ]
SQL: SHOW COLUMNS FROM `tp_role` [ RunTime:0.0070s ]
SQL: SELECT * FROM `tp_role` WHERE `role_id` = 1 LIMIT 1   [ RunTime:0.0010s ]
SQL: SELECT * FROM `tp_role` WHERE `role_id` = 1 LIMIT 1   [ RunTime:0.0000s ]
SQL: SHOW COLUMNS FROM `tp_auth` [ RunTime:0.0180s ]
SQL: SELECT * FROM `tp_auth` WHERE ( auth_pid=0 AND auth_id IN (2,4,5,7,9,14,33,34,37,38,39,15,16,17,27,29,30,23,20,21) )  [ RunTime:0.0010s ]
SQL: SELECT * FROM `tp_auth` WHERE ( auth_pid!=0 AND auth_id IN (2,4,5,7,9,14,33,34,37,38,39,15,16,17,27,29,30,23,20,21) )  [ RunTime:0.0000s ]
INFO: [ view_parse ] --START--
INFO: [ template_filter ] --START--
INFO: Run Behavior\ContentReplaceBehavior [ RunTime:0.000000s ]
INFO: [ template_filter ] --END-- [ RunTime:0.000000s ]
INFO: Run Behavior\ParseTemplateBehavior [ RunTime:0.012001s ]
INFO: [ view_parse ] --END-- [ RunTime:0.012001s ]
INFO: [ view_filter ] --START--
INFO: Run Behavior\WriteHtmlCacheBehavior [ RunTime:0.000000s ]
INFO: [ view_filter ] --END-- [ RunTime:0.000000s ]
INFO: [ app_end ] --START--
INFO: Run Behavior\ShowPageTraceBehavior [ RunTime:0.001000s ]
INFO: [ app_end ] --END-- [ RunTime:0.001000s ]

[ 2017-09-09T10:58:25+08:00 ] 127.0.0.1 /index.php/Admin/Index/main.html
INFO: [ app_init ] --START--
INFO: Run Behavior\BuildLiteBehavior [ RunTime:0.000000s ]
INFO: [ app_init ] --END-- [ RunTime:0.001000s ]
INFO: [ app_begin ] --START--
INFO: Run Behavior\ReadHtmlCacheBehavior [ RunTime:0.001000s ]
INFO: [ app_begin ] --END-- [ RunTime:0.001000s ]
SQL: SHOW COLUMNS FROM `tp_role` [ RunTime:0.0070s ]
SQL: SELECT * FROM `tp_role` WHERE `role_id` = 1 LIMIT 1   [ RunTime:0.0010s ]
SQL: SHOW COLUMNS FROM `tp_agency` [ RunTime:0.0070s ]
SQL: SELECT * FROM `tp_agency` WHERE ( username = 'root' )  [ RunTime:0.0010s ]
INFO: [ view_parse ] --START--
INFO: [ template_filter ] --START--
INFO: Run Behavior\ContentReplaceBehavior [ RunTime:0.000000s ]
INFO: [ template_filter ] --END-- [ RunTime:0.000000s ]
INFO: Run Behavior\ParseTemplateBehavior [ RunTime:0.019001s ]
INFO: [ view_parse ] --END-- [ RunTime:0.019001s ]
INFO: [ view_filter ] --START--
INFO: Run Behavior\WriteHtmlCacheBehavior [ RunTime:0.001000s ]
INFO: [ view_filter ] --END-- [ RunTime:0.001000s ]
INFO: [ app_end ] --START--
INFO: Run Behavior\ShowPageTraceBehavior [ RunTime:0.001000s ]
INFO: [ app_end ] --END-- [ RunTime:0.001000s ]

[ 2017-09-09T10:58:26+08:00 ] 127.0.0.1 /index.php/Admin/Agency/index.html
INFO: [ app_init ] --START--
INFO: Run Behavior\BuildLiteBehavior [ RunTime:0.000000s ]
INFO: [ app_init ] --END-- [ RunTime:0.000000s ]
INFO: [ app_begin ] --START--
INFO: Run Behavior\ReadHtmlCacheBehavior [ RunTime:0.000000s ]
INFO: [ app_begin ] --END-- [ RunTime:0.000000s ]
NOTIC: [2048] Declaration of Admin\Controller\AgencyController::show() should be compatible with Think\Controller::show($content, $charset = '', $contentType = '', $prefix = '') D:\phpStudy\WWW\ecshop\Application\Admin\Controller\AgencyController.class.php 第 4 行.
SQL: SHOW COLUMNS FROM `tp_role` [ RunTime:0.0070s ]
SQL: SELECT * FROM `tp_role` WHERE `role_id` = 1 LIMIT 1   [ RunTime:0.0000s ]
SQL: SHOW COLUMNS FROM `tp_agency` [ RunTime:0.0080s ]
SQL: SELECT COUNT(*) AS tp_count FROM `tp_agency` LIMIT 1   [ RunTime:0.0000s ]
SQL: SELECT * FROM `tp_agency` LIMIT 0,10   [ RunTime:0.0010s ]
INFO: [ view_parse ] --START--
INFO: [ template_filter ] --START--
INFO: Run Behavior\ContentReplaceBehavior [ RunTime:0.000000s ]
INFO: [ template_filter ] --END-- [ RunTime:0.000000s ]
INFO: Run Behavior\ParseTemplateBehavior [ RunTime:0.019001s ]
INFO: [ view_parse ] --END-- [ RunTime:0.019001s ]
INFO: [ view_filter ] --START--
INFO: Run Behavior\WriteHtmlCacheBehavior [ RunTime:0.000000s ]
INFO: [ view_filter ] --END-- [ RunTime:0.000000s ]
INFO: [ app_end ] --START--
INFO: Run Behavior\ShowPageTraceBehavior [ RunTime:0.001000s ]
INFO: [ app_end ] --END-- [ RunTime:0.001000s ]

[ 2017-09-09T10:58:26+08:00 ] 127.0.0.1 /index.php/Admin/Agency/add1.html
INFO: [ app_init ] --START--
INFO: Run Behavior\BuildLiteBehavior [ RunTime:0.000000s ]
INFO: [ app_init ] --END-- [ RunTime:0.000000s ]
INFO: [ app_begin ] --START--
INFO: Run Behavior\ReadHtmlCacheBehavior [ RunTime:0.001000s ]
INFO: [ app_begin ] --END-- [ RunTime:0.001000s ]
NOTIC: [2048] Declaration of Admin\Controller\AgencyController::show() should be compatible with Think\Controller::show($content, $charset = '', $contentType = '', $prefix = '') D:\phpStudy\WWW\ecshop\Application\Admin\Controller\AgencyController.class.php 第 4 行.
SQL: SHOW COLUMNS FROM `tp_role` [ RunTime:0.0060s ]
SQL: SELECT * FROM `tp_role` WHERE `role_id` = 1 LIMIT 1   [ RunTime:0.0010s ]
SQL: SELECT * FROM `tp_role`  [ RunTime:0.0010s ]
INFO: [ view_parse ] --START--
INFO: [ template_filter ] --START--
INFO: Run Behavior\ContentReplaceBehavior [ RunTime:0.000000s ]
INFO: [ template_filter ] --END-- [ RunTime:0.000000s ]
INFO: Run Behavior\ParseTemplateBehavior [ RunTime:0.009001s ]
INFO: [ view_parse ] --END-- [ RunTime:0.009001s ]
INFO: [ view_filter ] --START--
INFO: Run Behavior\WriteHtmlCacheBehavior [ RunTime:0.000000s ]
INFO: [ view_filter ] --END-- [ RunTime:0.000000s ]
INFO: [ app_end ] --START--
INFO: Run Behavior\ShowPageTraceBehavior [ RunTime:0.001000s ]
INFO: [ app_end ] --END-- [ RunTime:0.001000s ]

[ 2017-09-09T10:58:46+08:00 ] 127.0.0.1 /index.php/Admin/Agency/add.html
INFO: [ app_init ] --START--
INFO: Run Behavior\BuildLiteBehavior [ RunTime:0.000000s ]
INFO: [ app_init ] --END-- [ RunTime:0.000000s ]
INFO: [ app_begin ] --START--
INFO: Run Behavior\ReadHtmlCacheBehavior [ RunTime:0.000000s ]
INFO: [ app_begin ] --END-- [ RunTime:0.000000s ]
NOTIC: [2048] Declaration of Admin\Controller\AgencyController::show() should be compatible with Think\Controller::show($content, $charset = '', $contentType = '', $prefix = '') D:\phpStudy\WWW\ecshop\Application\Admin\Controller\AgencyController.class.php 第 4 行.
SQL: SHOW COLUMNS FROM `tp_role` [ RunTime:0.0070s ]
SQL: SELECT * FROM `tp_role` WHERE `role_id` = 1 LIMIT 1   [ RunTime:0.0000s ]
SQL: SHOW COLUMNS FROM `tp_agency` [ RunTime:0.0080s ]
SQL: SELECT `code` FROM `tp_agency` WHERE ( username = 'root' ) LIMIT 1   [ RunTime:0.0010s ]
SQL: SELECT `p_name` FROM `tp_agency` WHERE ( username = 'root' ) LIMIT 1   [ RunTime:0.0000s ]

[ 2017-09-09T11:00:40+08:00 ] 127.0.0.1 /index.php/Admin/Agency/add.html
INFO: [ app_init ] --START--
INFO: Run Behavior\BuildLiteBehavior [ RunTime:0.000000s ]
INFO: [ app_init ] --END-- [ RunTime:0.000000s ]
INFO: [ app_begin ] --START--
INFO: Run Behavior\ReadHtmlCacheBehavior [ RunTime:0.001000s ]
INFO: [ app_begin ] --END-- [ RunTime:0.001000s ]
NOTIC: [2048] Declaration of Admin\Controller\AgencyController::show() should be compatible with Think\Controller::show($content, $charset = '', $contentType = '', $prefix = '') D:\phpStudy\WWW\ecshop\Application\Admin\Controller\AgencyController.class.php 第 4 行.
SQL: SHOW COLUMNS FROM `tp_role` [ RunTime:0.0060s ]
SQL: SELECT * FROM `tp_role` WHERE `role_id` = 1 LIMIT 1   [ RunTime:0.0000s ]
SQL: SHOW COLUMNS FROM `tp_agency` [ RunTime:0.0080s ]
SQL: SELECT `code` FROM `tp_agency` WHERE ( username = 'root' ) LIMIT 1   [ RunTime:0.0000s ]
SQL: SELECT `p_name` FROM `tp_agency` WHERE ( username = 'root' ) LIMIT 1   [ RunTime:0.0010s ]

[ 2017-09-09T11:01:06+08:00 ] 127.0.0.1 /index.php/Admin/Agency/add.html
INFO: [ app_init ] --START--
INFO: Run Behavior\BuildLiteBehavior [ RunTime:0.000000s ]
INFO: [ app_init ] --END-- [ RunTime:0.001000s ]
INFO: [ app_begin ] --START--
INFO: Run Behavior\ReadHtmlCacheBehavior [ RunTime:0.000000s ]
INFO: [ app_begin ] --END-- [ RunTime:0.000000s ]
NOTIC: [2048] Declaration of Admin\Controller\AgencyController::show() should be compatible with Think\Controller::show($content, $charset = '', $contentType = '', $prefix = '') D:\phpStudy\WWW\ecshop\Application\Admin\Controller\AgencyController.class.php 第 4 行.
SQL: SHOW COLUMNS FROM `tp_role` [ RunTime:0.0060s ]
SQL: SELECT * FROM `tp_role` WHERE `role_id` = 1 LIMIT 1   [ RunTime:0.0010s ]
SQL: SHOW COLUMNS FROM `tp_agency` [ RunTime:0.0060s ]
SQL: SELECT `code` FROM `tp_agency` WHERE ( username = 'root' ) LIMIT 1   [ RunTime:0.0000s ]
SQL: SELECT `p_name` FROM `tp_agency` WHERE ( username = 'root' ) LIMIT 1   [ RunTime:0.0010s ]
NOTIC: [8] Undefined offset: -1 D:\phpStudy\WWW\ecshop\Application\Admin\Controller\AgencyController.class.php 第 42 行.

[ 2017-09-09T11:01:08+08:00 ] 127.0.0.1 /index.php/Admin/Agency/add.html
INFO: [ app_init ] --START--
INFO: Run Behavior\BuildLiteBehavior [ RunTime:0.000000s ]
INFO: [ app_init ] --END-- [ RunTime:0.000000s ]
INFO: [ app_begin ] --START--
INFO: Run Behavior\ReadHtmlCacheBehavior [ RunTime:0.000000s ]
INFO: [ app_begin ] --END-- [ RunTime:0.001000s ]
NOTIC: [2048] Declaration of Admin\Controller\AgencyController::show() should be compatible with Think\Controller::show($content, $charset = '', $contentType = '', $prefix = '') D:\phpStudy\WWW\ecshop\Application\Admin\Controller\AgencyController.class.php 第 4 行.
SQL: SHOW COLUMNS FROM `tp_role` [ RunTime:0.0070s ]
SQL: SELECT * FROM `tp_role` WHERE `role_id` = 1 LIMIT 1   [ RunTime:0.0010s ]
SQL: SHOW COLUMNS FROM `tp_agency` [ RunTime:0.0080s ]
SQL: SELECT `code` FROM `tp_agency` WHERE ( username = 'root' ) LIMIT 1   [ RunTime:0.0010s ]
SQL: SELECT `p_name` FROM `tp_agency` WHERE ( username = 'root' ) LIMIT 1   [ RunTime:0.0000s ]
NOTIC: [8] Undefined offset: -1 D:\phpStudy\WWW\ecshop\Application\Admin\Controller\AgencyController.class.php 第 42 行.

[ 2017-09-09T11:01:10+08:00 ] 127.0.0.1 /index.php/Admin/Agency/add.html
INFO: [ app_init ] --START--
INFO: Run Behavior\BuildLiteBehavior [ RunTime:0.000000s ]
INFO: [ app_init ] --END-- [ RunTime:0.001000s ]
INFO: [ app_begin ] --START--
INFO: Run Behavior\ReadHtmlCacheBehavior [ RunTime:0.000000s ]
INFO: [ app_begin ] --END-- [ RunTime:0.000000s ]
NOTIC: [2048] Declaration of Admin\Controller\AgencyController::show() should be compatible with Think\Controller::show($content, $charset = '', $contentType = '', $prefix = '') D:\phpStudy\WWW\ecshop\Application\Admin\Controller\AgencyController.class.php 第 4 行.
SQL: SHOW COLUMNS FROM `tp_role` [ RunTime:0.0070s ]
SQL: SELECT * FROM `tp_role` WHERE `role_id` = 1 LIMIT 1   [ RunTime:0.0000s ]
SQL: SHOW COLUMNS FROM `tp_agency` [ RunTime:0.0070s ]
SQL: SELECT `code` FROM `tp_agency` WHERE ( username = 'root' ) LIMIT 1   [ RunTime:0.0010s ]
SQL: SELECT `p_name` FROM `tp_agency` WHERE ( username = 'root' ) LIMIT 1   [ RunTime:0.0000s ]
NOTIC: [8] Undefined offset: -1 D:\phpStudy\WWW\ecshop\Application\Admin\Controller\AgencyController.class.php 第 42 行.

[ 2017-09-09T11:01:42+08:00 ] 127.0.0.1 /index.php/Admin/Agency/add.html
INFO: [ app_init ] --START--
INFO: Run Behavior\BuildLiteBehavior [ RunTime:0.000000s ]
INFO: [ app_init ] --END-- [ RunTime:0.001000s ]
INFO: [ app_begin ] --START--
INFO: Run Behavior\ReadHtmlCacheBehavior [ RunTime:0.001000s ]
INFO: [ app_begin ] --END-- [ RunTime:0.001000s ]
NOTIC: [2048] Declaration of Admin\Controller\AgencyController::show() should be compatible with Think\Controller::show($content, $charset = '', $contentType = '', $prefix = '') D:\phpStudy\WWW\ecshop\Application\Admin\Controller\AgencyController.class.php 第 4 行.
SQL: SHOW COLUMNS FROM `tp_role` [ RunTime:0.0060s ]
SQL: SELECT * FROM `tp_role` WHERE `role_id` = 1 LIMIT 1   [ RunTime:0.0000s ]
SQL: SHOW COLUMNS FROM `tp_agency` [ RunTime:0.0070s ]
SQL: SELECT `code` FROM `tp_agency` WHERE ( username = 'root' ) LIMIT 1   [ RunTime:0.0010s ]
SQL: SELECT `p_name` FROM `tp_agency` WHERE ( username = 'root' ) LIMIT 1   [ RunTime:0.0000s ]
NOTIC: [8] Undefined index: role_id-1 D:\phpStudy\WWW\ecshop\Application\Admin\Controller\AgencyController.class.php 第 42 行.

[ 2017-09-09T11:02:00+08:00 ] 127.0.0.1 /index.php/Admin/Agency/add.html
INFO: [ app_init ] --START--
INFO: Run Behavior\BuildLiteBehavior [ RunTime:0.000000s ]
INFO: [ app_init ] --END-- [ RunTime:0.001000s ]
INFO: [ app_begin ] --START--
INFO: Run Behavior\ReadHtmlCacheBehavior [ RunTime:0.001000s ]
INFO: [ app_begin ] --END-- [ RunTime:0.001000s ]
NOTIC: [2048] Declaration of Admin\Controller\AgencyController::show() should be compatible with Think\Controller::show($content, $charset = '', $contentType = '', $prefix = '') D:\phpStudy\WWW\ecshop\Application\Admin\Controller\AgencyController.class.php 第 4 行.
SQL: SHOW COLUMNS FROM `tp_role` [ RunTime:0.0070s ]
SQL: SELECT * FROM `tp_role` WHERE `role_id` = 1 LIMIT 1   [ RunTime:0.0010s ]
SQL: SHOW COLUMNS FROM `tp_agency` [ RunTime:0.0080s ]
SQL: SELECT `code` FROM `tp_agency` WHERE ( username = 'root' ) LIMIT 1   [ RunTime:0.0010s ]
SQL: SELECT `p_name` FROM `tp_agency` WHERE ( username = 'root' ) LIMIT 1   [ RunTime:0.0010s ]
NOTIC: [8] Undefined offset: -1 D:\phpStudy\WWW\ecshop\Application\Admin\Controller\AgencyController.class.php 第 42 行.

[ 2017-09-09T11:05:24+08:00 ] 127.0.0.1 /index.php/Admin/Agency/add.html
INFO: [ app_init ] --START--
INFO: Run Behavior\BuildLiteBehavior [ RunTime:0.000000s ]
INFO: [ app_init ] --END-- [ RunTime:0.000000s ]
INFO: [ app_begin ] --START--
INFO: Run Behavior\ReadHtmlCacheBehavior [ RunTime:0.000000s ]
INFO: [ app_begin ] --END-- [ RunTime:0.000000s ]
NOTIC: [2048] Declaration of Admin\Controller\AgencyController::show() should be compatible with Think\Controller::show($content, $charset = '', $contentType = '', $prefix = '') D:\phpStudy\WWW\ecshop\Application\Admin\Controller\AgencyController.class.php 第 4 行.
SQL: SHOW COLUMNS FROM `tp_role` [ RunTime:0.0050s ]
SQL: SELECT * FROM `tp_role` WHERE `role_id` = 1 LIMIT 1   [ RunTime:0.0000s ]
SQL: SHOW COLUMNS FROM `tp_agency` [ RunTime:0.0060s ]
SQL: SELECT `code` FROM `tp_agency` WHERE ( username = 'root' ) LIMIT 1   [ RunTime:0.0000s ]
SQL: SELECT `p_name` FROM `tp_agency` WHERE ( username = 'root' ) LIMIT 1   [ RunTime:0.0000s ]

[ 2017-09-09T11:05:50+08:00 ] 127.0.0.1 /index.php/Admin/Agency/add.html
INFO: [ app_init ] --START--
INFO: Run Behavior\BuildLiteBehavior [ RunTime:0.000000s ]
INFO: [ app_init ] --END-- [ RunTime:0.000000s ]
INFO: [ app_begin ] --START--
INFO: Run Behavior\ReadHtmlCacheBehavior [ RunTime:0.000000s ]
INFO: [ app_begin ] --END-- [ RunTime:0.000000s ]
NOTIC: [2048] Declaration of Admin\Controller\AgencyController::show() should be compatible with Think\Controller::show($content, $charset = '', $contentType = '', $prefix = '') D:\phpStudy\WWW\ecshop\Application\Admin\Controller\AgencyController.class.php 第 4 行.
SQL: SHOW COLUMNS FROM `tp_role` [ RunTime:0.0080s ]
SQL: SELECT * FROM `tp_role` WHERE `role_id` = 1 LIMIT 1   [ RunTime:0.0010s ]
SQL: SHOW COLUMNS FROM `tp_agency` [ RunTime:0.0070s ]
SQL: SELECT `code` FROM `tp_agency` WHERE ( username = 'root' ) LIMIT 1   [ RunTime:0.0000s ]
SQL: SELECT `p_name` FROM `tp_agency` WHERE ( username = 'root' ) LIMIT 1   [ RunTime:0.0010s ]

[ 2017-09-09T11:06:00+08:00 ] 127.0.0.1 /index.php/Admin/Agency/add.html
INFO: [ app_init ] --START--
INFO: Run Behavior\BuildLiteBehavior [ RunTime:0.000000s ]
INFO: [ app_init ] --END-- [ RunTime:0.000000s ]
INFO: [ app_begin ] --START--
INFO: Run Behavior\ReadHtmlCacheBehavior [ RunTime:0.000000s ]
INFO: [ app_begin ] --END-- [ RunTime:0.000000s ]
NOTIC: [2048] Declaration of Admin\Controller\AgencyController::show() should be compatible with Think\Controller::show($content, $charset = '', $contentType = '', $prefix = '') D:\phpStudy\WWW\ecshop\Application\Admin\Controller\AgencyController.class.php 第 4 行.
SQL: SHOW COLUMNS FROM `tp_role` [ RunTime:0.0060s ]
SQL: SELECT * FROM `tp_role` WHERE `role_id` = 1 LIMIT 1   [ RunTime:0.0000s ]
SQL: SHOW COLUMNS FROM `tp_agency` [ RunTime:0.0060s ]
SQL: SELECT `code` FROM `tp_agency` WHERE ( username = 'root' ) LIMIT 1   [ RunTime:0.0010s ]
SQL: SELECT `p_name` FROM `tp_agency` WHERE ( username = 'root' ) LIMIT 1   [ RunTime:0.0000s ]

[ 2017-09-09T11:07:08+08:00 ] 127.0.0.1 /index.php/Admin/Agency/add.html
INFO: [ app_init ] --START--
INFO: Run Behavior\BuildLiteBehavior [ RunTime:0.000000s ]
INFO: [ app_init ] --END-- [ RunTime:0.000000s ]
INFO: [ app_begin ] --START--
INFO: Run Behavior\ReadHtmlCacheBehavior [ RunTime:0.000000s ]
INFO: [ app_begin ] --END-- [ RunTime:0.001000s ]
NOTIC: [2048] Declaration of Admin\Controller\AgencyController::show() should be compatible with Think\Controller::show($content, $charset = '', $contentType = '', $prefix = '') D:\phpStudy\WWW\ecshop\Application\Admin\Controller\AgencyController.class.php 第 4 行.
SQL: SHOW COLUMNS FROM `tp_role` [ RunTime:0.0060s ]
SQL: SELECT * FROM `tp_role` WHERE `role_id` = 1 LIMIT 1   [ RunTime:0.0010s ]
SQL: SHOW COLUMNS FROM `tp_agency` [ RunTime:0.0070s ]
SQL: SELECT `code` FROM `tp_agency` WHERE ( username = 'root' ) LIMIT 1   [ RunTime:0.0000s ]
SQL: SELECT `p_name` FROM `tp_agency` WHERE ( username = 'root' ) LIMIT 1   [ RunTime:0.0000s ]

[ 2017-09-09T11:07:38+08:00 ] 127.0.0.1 /index.php/Admin/Agency/add.html
INFO: [ app_init ] --START--
INFO: Run Behavior\BuildLiteBehavior [ RunTime:0.000000s ]
INFO: [ app_init ] --END-- [ RunTime:0.001000s ]
INFO: [ app_begin ] --START--
INFO: Run Behavior\ReadHtmlCacheBehavior [ RunTime:0.000000s ]
INFO: [ app_begin ] --END-- [ RunTime:0.000000s ]
NOTIC: [2048] Declaration of Admin\Controller\AgencyController::show() should be compatible with Think\Controller::show($content, $charset = '', $contentType = '', $prefix = '') D:\phpStudy\WWW\ecshop\Application\Admin\Controller\AgencyController.class.php 第 4 行.
SQL: SHOW COLUMNS FROM `tp_role` [ RunTime:0.0070s ]
SQL: SELECT * FROM `tp_role` WHERE `role_id` = 1 LIMIT 1   [ RunTime:0.0000s ]
SQL: SHOW COLUMNS FROM `tp_agency` [ RunTime:0.0080s ]
SQL: SELECT `code` FROM `tp_agency` WHERE ( username = 'root' ) LIMIT 1   [ RunTime:0.0010s ]
SQL: SELECT `p_name` FROM `tp_agency` WHERE ( username = 'root' ) LIMIT 1   [ RunTime:0.0000s ]

[ 2017-09-09T11:07:39+08:00 ] 127.0.0.1 /index.php/Admin/Agency/add.html
INFO: [ app_init ] --START--
INFO: Run Behavior\BuildLiteBehavior [ RunTime:0.000000s ]
INFO: [ app_init ] --END-- [ RunTime:0.001000s ]
INFO: [ app_begin ] --START--
INFO: Run Behavior\ReadHtmlCacheBehavior [ RunTime:0.001000s ]
INFO: [ app_begin ] --END-- [ RunTime:0.001000s ]
NOTIC: [2048] Declaration of Admin\Controller\AgencyController::show() should be compatible with Think\Controller::show($content, $charset = '', $contentType = '', $prefix = '') D:\phpStudy\WWW\ecshop\Application\Admin\Controller\AgencyController.class.php 第 4 行.
SQL: SHOW COLUMNS FROM `tp_role` [ RunTime:0.0070s ]
SQL: SELECT * FROM `tp_role` WHERE `role_id` = 1 LIMIT 1   [ RunTime:0.0010s ]
SQL: SHOW COLUMNS FROM `tp_agency` [ RunTime:0.0060s ]
SQL: SELECT `code` FROM `tp_agency` WHERE ( username = 'root' ) LIMIT 1   [ RunTime:0.0000s ]
SQL: SELECT `p_name` FROM `tp_agency` WHERE ( username = 'root' ) LIMIT 1   [ RunTime:0.0000s ]

[ 2017-09-09T11:08:39+08:00 ] 127.0.0.1 /index.php/Admin/Agency/add.html
INFO: [ app_init ] --START--
INFO: Run Behavior\BuildLiteBehavior [ RunTime:0.000000s ]
INFO: [ app_init ] --END-- [ RunTime:0.001000s ]
INFO: [ app_begin ] --START--
INFO: Run Behavior\ReadHtmlCacheBehavior [ RunTime:0.001000s ]
INFO: [ app_begin ] --END-- [ RunTime:0.001000s ]
NOTIC: [2048] Declaration of Admin\Controller\AgencyController::show() should be compatible with Think\Controller::show($content, $charset = '', $contentType = '', $prefix = '') D:\phpStudy\WWW\ecshop\Application\Admin\Controller\AgencyController.class.php 第 4 行.
SQL: SHOW COLUMNS FROM `tp_role` [ RunTime:0.0060s ]
SQL: SELECT * FROM `tp_role` WHERE `role_id` = 1 LIMIT 1   [ RunTime:0.0010s ]
SQL: SHOW COLUMNS FROM `tp_agency` [ RunTime:0.0080s ]
SQL: SELECT `code` FROM `tp_agency` WHERE ( username = 'root' ) LIMIT 1   [ RunTime:0.0000s ]
SQL: SELECT `p_name` FROM `tp_agency` WHERE ( username = 'root' ) LIMIT 1   [ RunTime:0.0010s ]
NOTIC: [8] Undefined index: validate D:\phpStudy\WWW\ecshop\ThinkPHP\Library\Think\Model.class.php 第 1185 行.
SQL: SELECT * FROM `tp_agency` WHERE `username` = '123' LIMIT 1   [ RunTime:0.0010s ]
NOTIC: [8] Undefined index: auto D:\phpStudy\WWW\ecshop\ThinkPHP\Library\Think\Model.class.php 第 1128 行.
NOTIC: [2] Missing argument 2 for Admin\Model\AgencyModel::password() D:\phpStudy\WWW\ecshop\Application\Admin\Model\AgencyModel.class.php 第 53 行.
NOTIC: [8] Undefined variable: salt D:\phpStudy\WWW\ecshop\Application\Admin\Model\AgencyModel.class.php 第 54 行.
NOTIC: [8] Undefined variable: salt D:\phpStudy\WWW\ecshop\Application\Admin\Model\AgencyModel.class.php 第 54 行.
NOTIC: [8] Undefined offset: 0 D:\phpStudy\WWW\ecshop\ThinkPHP\Library\Think\Db\Driver.class.php 第 803 行.
SQL: INSERT INTO `tp_agency` (`role_id`,`agency_id`,`mobile`,`code`,`create_time`,`login_time`,`login_ip`,`p_code`,`real_name`,`username`,`salt`,`password`,`level`) VALUES ('4','1','12342213123','563691','2017:09:09 11:08:39','2017:09:09 11:08:39','127.0.0.1','11111','14235','123','87022','5940ae1b8f61e7594254f94d19e76903320e76cb','一级代理') [ RunTime:0.0000s ]
INFO: [ view_parse ] --START--
INFO: [ template_filter ] --START--
INFO: Run Behavior\ContentReplaceBehavior [ RunTime:0.000000s ]
INFO: [ template_filter ] --END-- [ RunTime:0.001000s ]
INFO: Run Behavior\ParseTemplateBehavior [ RunTime:0.014001s ]
INFO: [ view_parse ] --END-- [ RunTime:0.014001s ]
INFO: [ view_filter ] --START--
INFO: Run Behavior\WriteHtmlCacheBehavior [ RunTime:0.000000s ]
INFO: [ view_filter ] --END-- [ RunTime:0.000000s ]

[ 2017-09-09T11:08:50+08:00 ] 127.0.0.1 /index.php/Admin/Agency/index.html
INFO: [ app_init ] --START--
INFO: Run Behavior\BuildLiteBehavior [ RunTime:0.000000s ]
INFO: [ app_init ] --END-- [ RunTime:0.000000s ]
INFO: [ app_begin ] --START--
INFO: Run Behavior\ReadHtmlCacheBehavior [ RunTime:0.001000s ]
INFO: [ app_begin ] --END-- [ RunTime:0.001000s ]
NOTIC: [2048] Declaration of Admin\Controller\AgencyController::show() should be compatible with Think\Controller::show($content, $charset = '', $contentType = '', $prefix = '') D:\phpStudy\WWW\ecshop\Application\Admin\Controller\AgencyController.class.php 第 4 行.
SQL: SHOW COLUMNS FROM `tp_role` [ RunTime:0.0070s ]
SQL: SELECT * FROM `tp_role` WHERE `role_id` = 1 LIMIT 1   [ RunTime:0.0000s ]
SQL: SHOW COLUMNS FROM `tp_agency` [ RunTime:0.0080s ]
SQL: SELECT COUNT(*) AS tp_count FROM `tp_agency` LIMIT 1   [ RunTime:0.0000s ]
SQL: SELECT * FROM `tp_agency` LIMIT 0,10   [ RunTime:0.0010s ]
INFO: [ view_parse ] --START--
INFO: [ template_filter ] --START--
INFO: Run Behavior\ContentReplaceBehavior [ RunTime:0.000000s ]
INFO: [ template_filter ] --END-- [ RunTime:0.000000s ]
INFO: Run Behavior\ParseTemplateBehavior [ RunTime:0.011000s ]
INFO: [ view_parse ] --END-- [ RunTime:0.011000s ]
INFO: [ view_filter ] --START--
INFO: Run Behavior\WriteHtmlCacheBehavior [ RunTime:0.000000s ]
INFO: [ view_filter ] --END-- [ RunTime:0.000000s ]
INFO: [ app_end ] --START--
INFO: Run Behavior\ShowPageTraceBehavior [ RunTime:0.001000s ]
INFO: [ app_end ] --END-- [ RunTime:0.001000s ]

[ 2017-09-09T11:09:44+08:00 ] 127.0.0.1 /index.php/Admin/Agency/add1.html
INFO: [ app_init ] --START--
INFO: Run Behavior\BuildLiteBehavior [ RunTime:0.000000s ]
INFO: [ app_init ] --END-- [ RunTime:0.000000s ]
INFO: [ app_begin ] --START--
INFO: Run Behavior\ReadHtmlCacheBehavior [ RunTime:0.001000s ]
INFO: [ app_begin ] --END-- [ RunTime:0.001000s ]
NOTIC: [2048] Declaration of Admin\Controller\AgencyController::show() should be compatible with Think\Controller::show($content, $charset = '', $contentType = '', $prefix = '') D:\phpStudy\WWW\ecshop\Application\Admin\Controller\AgencyController.class.php 第 4 行.
SQL: SHOW COLUMNS FROM `tp_role` [ RunTime:0.0050s ]
SQL: SELECT * FROM `tp_role` WHERE `role_id` = 1 LIMIT 1   [ RunTime:0.0000s ]
SQL: SELECT * FROM `tp_role`  [ RunTime:0.0000s ]
INFO: [ view_parse ] --START--
INFO: [ template_filter ] --START--
INFO: Run Behavior\ContentReplaceBehavior [ RunTime:0.000000s ]
INFO: [ template_filter ] --END-- [ RunTime:0.000000s ]
INFO: Run Behavior\ParseTemplateBehavior [ RunTime:0.006000s ]
INFO: [ view_parse ] --END-- [ RunTime:0.006000s ]
INFO: [ view_filter ] --START--
INFO: Run Behavior\WriteHtmlCacheBehavior [ RunTime:0.001000s ]
INFO: [ view_filter ] --END-- [ RunTime:0.001000s ]
INFO: [ app_end ] --START--
INFO: Run Behavior\ShowPageTraceBehavior [ RunTime:0.000000s ]
INFO: [ app_end ] --END-- [ RunTime:0.000000s ]

[ 2017-09-09T11:10:00+08:00 ] 127.0.0.1 /index.php/Admin/Agency/add.html
INFO: [ app_init ] --START--
INFO: Run Behavior\BuildLiteBehavior [ RunTime:0.000000s ]
INFO: [ app_init ] --END-- [ RunTime:0.001000s ]
INFO: [ app_begin ] --START--
INFO: Run Behavior\ReadHtmlCacheBehavior [ RunTime:0.001000s ]
INFO: [ app_begin ] --END-- [ RunTime:0.001000s ]
NOTIC: [2048] Declaration of Admin\Controller\AgencyController::show() should be compatible with Think\Controller::show($content, $charset = '', $contentType = '', $prefix = '') D:\phpStudy\WWW\ecshop\Application\Admin\Controller\AgencyController.class.php 第 4 行.
SQL: SHOW COLUMNS FROM `tp_role` [ RunTime:0.0060s ]
SQL: SELECT * FROM `tp_role` WHERE `role_id` = 1 LIMIT 1   [ RunTime:0.0000s ]
SQL: SHOW COLUMNS FROM `tp_agency` [ RunTime:0.0060s ]
SQL: SELECT `code` FROM `tp_agency` WHERE ( username = 'root' ) LIMIT 1   [ RunTime:0.0000s ]
SQL: SELECT `p_name` FROM `tp_agency` WHERE ( username = 'root' ) LIMIT 1   [ RunTime:0.0000s ]

[ 2017-09-09T11:10:13+08:00 ] 127.0.0.1 /index.php/Admin/Agency/add.html
INFO: [ app_init ] --START--
INFO: Run Behavior\BuildLiteBehavior [ RunTime:0.000000s ]
INFO: [ app_init ] --END-- [ RunTime:0.000000s ]
INFO: [ app_begin ] --START--
INFO: Run Behavior\ReadHtmlCacheBehavior [ RunTime:0.000000s ]
INFO: [ app_begin ] --END-- [ RunTime:0.000000s ]
NOTIC: [2048] Declaration of Admin\Controller\AgencyController::show() should be compatible with Think\Controller::show($content, $charset = '', $contentType = '', $prefix = '') D:\phpStudy\WWW\ecshop\Application\Admin\Controller\AgencyController.class.php 第 4 行.
SQL: SHOW COLUMNS FROM `tp_role` [ RunTime:0.0060s ]
SQL: SELECT * FROM `tp_role` WHERE `role_id` = 1 LIMIT 1   [ RunTime:0.0000s ]
SQL: SHOW COLUMNS FROM `tp_agency` [ RunTime:0.0060s ]
SQL: SELECT `code` FROM `tp_agency` WHERE ( username = 'root' ) LIMIT 1   [ RunTime:0.0000s ]
SQL: SELECT `p_name` FROM `tp_agency` WHERE ( username = 'root' ) LIMIT 1   [ RunTime:0.0000s ]
NOTIC: [8] Undefined variable: agency_id D:\phpStudy\WWW\ecshop\Application\Admin\Controller\AgencyController.class.php 第 40 行.

[ 2017-09-09T11:10:24+08:00 ] 127.0.0.1 /index.php/Admin/Agency/add.html
INFO: [ app_init ] --START--
INFO: Run Behavior\BuildLiteBehavior [ RunTime:0.000000s ]
INFO: [ app_init ] --END-- [ RunTime:0.000000s ]
INFO: [ app_begin ] --START--
INFO: Run Behavior\ReadHtmlCacheBehavior [ RunTime:0.000000s ]
INFO: [ app_begin ] --END-- [ RunTime:0.000000s ]
NOTIC: [2048] Declaration of Admin\Controller\AgencyController::show() should be compatible with Think\Controller::show($content, $charset = '', $contentType = '', $prefix = '') D:\phpStudy\WWW\ecshop\Application\Admin\Controller\AgencyController.class.php 第 4 行.
SQL: SHOW COLUMNS FROM `tp_role` [ RunTime:0.0070s ]
SQL: SELECT * FROM `tp_role` WHERE `role_id` = 1 LIMIT 1   [ RunTime:0.0010s ]
SQL: SHOW COLUMNS FROM `tp_agency` [ RunTime:0.0070s ]
SQL: SELECT `code` FROM `tp_agency` WHERE ( username = 'root' ) LIMIT 1   [ RunTime:0.0010s ]
SQL: SELECT `p_name` FROM `tp_agency` WHERE ( username = 'root' ) LIMIT 1   [ RunTime:0.0000s ]

[ 2017-09-09T11:11:15+08:00 ] 127.0.0.1 /index.php/Admin/Agency/add.html
INFO: [ app_init ] --START--
INFO: Run Behavior\BuildLiteBehavior [ RunTime:0.000000s ]
INFO: [ app_init ] --END-- [ RunTime:0.000000s ]
INFO: [ app_begin ] --START--
INFO: Run Behavior\ReadHtmlCacheBehavior [ RunTime:0.000000s ]
INFO: [ app_begin ] --END-- [ RunTime:0.000000s ]
NOTIC: [2048] Declaration of Admin\Controller\AgencyController::show() should be compatible with Think\Controller::show($content, $charset = '', $contentType = '', $prefix = '') D:\phpStudy\WWW\ecshop\Application\Admin\Controller\AgencyController.class.php 第 4 行.
SQL: SHOW COLUMNS FROM `tp_role` [ RunTime:0.0060s ]
SQL: SELECT * FROM `tp_role` WHERE `role_id` = 1 LIMIT 1   [ RunTime:0.0010s ]
SQL: SHOW COLUMNS FROM `tp_agency` [ RunTime:0.0060s ]
SQL: SELECT `code` FROM `tp_agency` WHERE ( username = 'root' ) LIMIT 1   [ RunTime:0.0000s ]
SQL: SELECT `p_name` FROM `tp_agency` WHERE ( username = 'root' ) LIMIT 1   [ RunTime:0.0010s ]
NOTIC: [8] Undefined variable: level D:\phpStudy\WWW\ecshop\Application\Admin\Controller\AgencyController.class.php 第 64 行.
NOTIC: [8] Undefined variable: level D:\phpStudy\WWW\ecshop\Application\Admin\Controller\AgencyController.class.php 第 65 行.

[ 2017-09-09T11:13:25+08:00 ] 127.0.0.1 /index.php/Admin/Agency/add.html
INFO: [ app_init ] --START--
INFO: Run Behavior\BuildLiteBehavior [ RunTime:0.000000s ]
INFO: [ app_init ] --END-- [ RunTime:0.000000s ]
INFO: [ app_begin ] --START--
INFO: Run Behavior\ReadHtmlCacheBehavior [ RunTime:0.001000s ]
INFO: [ app_begin ] --END-- [ RunTime:0.001000s ]
NOTIC: [2048] Declaration of Admin\Controller\AgencyController::show() should be compatible with Think\Controller::show($content, $charset = '', $contentType = '', $prefix = '') D:\phpStudy\WWW\ecshop\Application\Admin\Controller\AgencyController.class.php 第 4 行.
SQL: SHOW COLUMNS FROM `tp_role` [ RunTime:0.0070s ]
SQL: SELECT * FROM `tp_role` WHERE `role_id` = 1 LIMIT 1   [ RunTime:0.0000s ]
SQL: SHOW COLUMNS FROM `tp_agency` [ RunTime:0.0070s ]
SQL: SELECT `code` FROM `tp_agency` WHERE ( username = 'root' ) LIMIT 1   [ RunTime:0.0000s ]
SQL: SELECT `p_name` FROM `tp_agency` WHERE ( username = 'root' ) LIMIT 1   [ RunTime:0.0000s ]

[ 2017-09-09T11:15:46+08:00 ] 127.0.0.1 /index.php/Admin/Agency/add.html
INFO: [ app_init ] --START--
INFO: Run Behavior\BuildLiteBehavior [ RunTime:0.000000s ]
INFO: [ app_init ] --END-- [ RunTime:0.001000s ]
INFO: [ app_begin ] --START--
INFO: Run Behavior\ReadHtmlCacheBehavior [ RunTime:0.001000s ]
INFO: [ app_begin ] --END-- [ RunTime:0.001000s ]
NOTIC: [2048] Declaration of Admin\Controller\AgencyController::show() should be compatible with Think\Controller::show($content, $charset = '', $contentType = '', $prefix = '') D:\phpStudy\WWW\ecshop\Application\Admin\Controller\AgencyController.class.php 第 4 行.
SQL: SHOW COLUMNS FROM `tp_role` [ RunTime:0.0060s ]
SQL: SELECT * FROM `tp_role` WHERE `role_id` = 1 LIMIT 1   [ RunTime:0.0010s ]
SQL: SHOW COLUMNS FROM `tp_agency` [ RunTime:0.0060s ]
SQL: SELECT `code` FROM `tp_agency` WHERE ( username = 'root' ) LIMIT 1   [ RunTime:0.0000s ]
SQL: SELECT `p_name` FROM `tp_agency` WHERE ( username = 'root' ) LIMIT 1   [ RunTime:0.0000s ]
NOTIC: [8] Undefined index: validate D:\phpStudy\WWW\ecshop\ThinkPHP\Library\Think\Model.class.php 第 1185 行.
SQL: SELECT * FROM `tp_agency` WHERE `username` = '1234' LIMIT 1   [ RunTime:0.0010s ]
NOTIC: [8] Undefined index: auto D:\phpStudy\WWW\ecshop\ThinkPHP\Library\Think\Model.class.php 第 1128 行.
NOTIC: [2] Missing argument 2 for Admin\Model\AgencyModel::password() D:\phpStudy\WWW\ecshop\Application\Admin\Model\AgencyModel.class.php 第 53 行.
NOTIC: [8] Undefined variable: salt D:\phpStudy\WWW\ecshop\Application\Admin\Model\AgencyModel.class.php 第 54 行.
NOTIC: [8] Undefined variable: salt D:\phpStudy\WWW\ecshop\Application\Admin\Model\AgencyModel.class.php 第 54 行.
NOTIC: [8] Undefined offset: 0 D:\phpStudy\WWW\ecshop\ThinkPHP\Library\Think\Db\Driver.class.php 第 803 行.
SQL: INSERT INTO `tp_agency` (`role_id`,`agency_id`,`mobile`,`code`,`create_time`,`login_time`,`login_ip`,`p_code`,`real_name`,`username`,`salt`,`password`,`level`) VALUES ('4','1','12345678922','867264','2017:09:09 11:15:46','2017:09:09 11:15:46','127.0.0.1','11111','1234','1234','98167','71a3717fd5f58b5845c5eab21d1ca88b0e9fe1c5','一级代理') [ RunTime:0.0000s ]
INFO: [ view_parse ] --START--
INFO: [ template_filter ] --START--
INFO: Run Behavior\ContentReplaceBehavior [ RunTime:0.000000s ]
INFO: [ template_filter ] --END-- [ RunTime:0.000000s ]
INFO: Run Behavior\ParseTemplateBehavior [ RunTime:0.015001s ]
INFO: [ view_parse ] --END-- [ RunTime:0.015001s ]
INFO: [ view_filter ] --START--
INFO: Run Behavior\WriteHtmlCacheBehavior [ RunTime:0.000000s ]
INFO: [ view_filter ] --END-- [ RunTime:0.000000s ]

[ 2017-09-09T11:15:56+08:00 ] 127.0.0.1 /index.php/Admin/Agency/index.html
INFO: [ app_init ] --START--
INFO: Run Behavior\BuildLiteBehavior [ RunTime:0.000000s ]
INFO: [ app_init ] --END-- [ RunTime:0.000000s ]
INFO: [ app_begin ] --START--
INFO: Run Behavior\ReadHtmlCacheBehavior [ RunTime:0.000000s ]
INFO: [ app_begin ] --END-- [ RunTime:0.000000s ]
NOTIC: [2048] Declaration of Admin\Controller\AgencyController::show() should be compatible with Think\Controller::show($content, $charset = '', $contentType = '', $prefix = '') D:\phpStudy\WWW\ecshop\Application\Admin\Controller\AgencyController.class.php 第 4 行.
SQL: SHOW COLUMNS FROM `tp_role` [ RunTime:0.0070s ]
SQL: SELECT * FROM `tp_role` WHERE `role_id` = 1 LIMIT 1   [ RunTime:0.0000s ]
SQL: SHOW COLUMNS FROM `tp_agency` [ RunTime:0.0070s ]
SQL: SELECT COUNT(*) AS tp_count FROM `tp_agency` LIMIT 1   [ RunTime:0.0000s ]
SQL: SELECT * FROM `tp_agency` LIMIT 0,10   [ RunTime:0.0000s ]
INFO: [ view_parse ] --START--
INFO: [ template_filter ] --START--
INFO: Run Behavior\ContentReplaceBehavior [ RunTime:0.000000s ]
INFO: [ template_filter ] --END-- [ RunTime:0.000000s ]
INFO: Run Behavior\ParseTemplateBehavior [ RunTime:0.009001s ]
INFO: [ view_parse ] --END-- [ RunTime:0.009001s ]
INFO: [ view_filter ] --START--
INFO: Run Behavior\WriteHtmlCacheBehavior [ RunTime:0.000000s ]
INFO: [ view_filter ] --END-- [ RunTime:0.000000s ]
INFO: [ app_end ] --START--
INFO: Run Behavior\ShowPageTraceBehavior [ RunTime:0.001000s ]
INFO: [ app_end ] --END-- [ RunTime:0.001000s ]

[ 2017-09-09T11:17:17+08:00 ] 127.0.0.1 /index.php/Admin/Agency/add1.html
INFO: [ app_init ] --START--
INFO: Run Behavior\BuildLiteBehavior [ RunTime:0.000000s ]
INFO: [ app_init ] --END-- [ RunTime:0.001000s ]
INFO: [ app_begin ] --START--
INFO: Run Behavior\ReadHtmlCacheBehavior [ RunTime:0.001000s ]
INFO: [ app_begin ] --END-- [ RunTime:0.001000s ]
NOTIC: [2048] Declaration of Admin\Controller\AgencyController::show() should be compatible with Think\Controller::show($content, $charset = '', $contentType = '', $prefix = '') D:\phpStudy\WWW\ecshop\Application\Admin\Controller\AgencyController.class.php 第 4 行.
SQL: SHOW COLUMNS FROM `tp_role` [ RunTime:0.0070s ]
SQL: SELECT * FROM `tp_role` WHERE `role_id` = 1 LIMIT 1   [ RunTime:0.0010s ]
SQL: SELECT * FROM `tp_role`  [ RunTime:0.0000s ]
INFO: [ view_parse ] --START--
INFO: [ template_filter ] --START--
INFO: Run Behavior\ContentReplaceBehavior [ RunTime:0.000000s ]
INFO: [ template_filter ] --END-- [ RunTime:0.000000s ]
INFO: Run Behavior\ParseTemplateBehavior [ RunTime:0.007000s ]
INFO: [ view_parse ] --END-- [ RunTime:0.007000s ]
INFO: [ view_filter ] --START--
INFO: Run Behavior\WriteHtmlCacheBehavior [ RunTime:0.000000s ]
INFO: [ view_filter ] --END-- [ RunTime:0.000000s ]
INFO: [ app_end ] --START--
INFO: Run Behavior\ShowPageTraceBehavior [ RunTime:0.001000s ]
INFO: [ app_end ] --END-- [ RunTime:0.001000s ]

[ 2017-09-09T11:17:53+08:00 ] 127.0.0.1 /index.php/Admin/Agency/add.html
INFO: [ app_init ] --START--
INFO: Run Behavior\BuildLiteBehavior [ RunTime:0.000000s ]
INFO: [ app_init ] --END-- [ RunTime:0.001001s ]
INFO: [ app_begin ] --START--
INFO: Run Behavior\ReadHtmlCacheBehavior [ RunTime:0.001000s ]
INFO: [ app_begin ] --END-- [ RunTime:0.001000s ]
NOTIC: [2048] Declaration of Admin\Controller\AgencyController::show() should be compatible with Think\Controller::show($content, $charset = '', $contentType = '', $prefix = '') D:\phpStudy\WWW\ecshop\Application\Admin\Controller\AgencyController.class.php 第 4 行.
SQL: SHOW COLUMNS FROM `tp_role` [ RunTime:0.0060s ]
SQL: SELECT * FROM `tp_role` WHERE `role_id` = 1 LIMIT 1   [ RunTime:0.0000s ]
SQL: SHOW COLUMNS FROM `tp_agency` [ RunTime:0.0070s ]
SQL: SELECT `code` FROM `tp_agency` WHERE ( username = 'root' ) LIMIT 1   [ RunTime:0.0010s ]
SQL: SELECT `p_name` FROM `tp_agency` WHERE ( username = 'root' ) LIMIT 1   [ RunTime:0.0000s ]

[ 2017-09-09T11:18:57+08:00 ] 127.0.0.1 /index.php/Admin/Agency/add.html
INFO: [ app_init ] --START--
INFO: Run Behavior\BuildLiteBehavior [ RunTime:0.000000s ]
INFO: [ app_init ] --END-- [ RunTime:0.000000s ]
INFO: [ app_begin ] --START--
INFO: Run Behavior\ReadHtmlCacheBehavior [ RunTime:0.001000s ]
INFO: [ app_begin ] --END-- [ RunTime:0.001000s ]
NOTIC: [2048] Declaration of Admin\Controller\AgencyController::show() should be compatible with Think\Controller::show($content, $charset = '', $contentType = '', $prefix = '') D:\phpStudy\WWW\ecshop\Application\Admin\Controller\AgencyController.class.php 第 4 行.
SQL: SHOW COLUMNS FROM `tp_role` [ RunTime:0.0060s ]
SQL: SELECT * FROM `tp_role` WHERE `role_id` = 1 LIMIT 1   [ RunTime:0.0000s ]
SQL: SHOW COLUMNS FROM `tp_agency` [ RunTime:0.0060s ]
SQL: SELECT `code` FROM `tp_agency` WHERE ( username = 'root' ) LIMIT 1   [ RunTime:0.0010s ]
SQL: SELECT `p_name` FROM `tp_agency` WHERE ( username = 'root' ) LIMIT 1   [ RunTime:0.0000s ]

[ 2017-09-09T11:21:11+08:00 ] 127.0.0.1 /index.php/Admin/Agency/add.html
INFO: [ app_init ] --START--
INFO: Run Behavior\BuildLiteBehavior [ RunTime:0.000000s ]
INFO: [ app_init ] --END-- [ RunTime:0.001000s ]
INFO: [ app_begin ] --START--
INFO: Run Behavior\ReadHtmlCacheBehavior [ RunTime:0.001000s ]
INFO: [ app_begin ] --END-- [ RunTime:0.001000s ]

[ 2017-09-09T11:21:26+08:00 ] 127.0.0.1 /index.php/Admin/Agency/add.html
INFO: [ app_init ] --START--
INFO: Run Behavior\BuildLiteBehavior [ RunTime:0.000000s ]
INFO: [ app_init ] --END-- [ RunTime:0.000000s ]
INFO: [ app_begin ] --START--
INFO: Run Behavior\ReadHtmlCacheBehavior [ RunTime:0.000000s ]
INFO: [ app_begin ] --END-- [ RunTime:0.000000s ]

[ 2017-09-09T11:22:40+08:00 ] 127.0.0.1 /index.php/Admin/Agency/add.html
INFO: [ app_init ] --START--
INFO: Run Behavior\BuildLiteBehavior [ RunTime:0.000000s ]
INFO: [ app_init ] --END-- [ RunTime:0.001000s ]
INFO: [ app_begin ] --START--
INFO: Run Behavior\ReadHtmlCacheBehavior [ RunTime:0.000000s ]
INFO: [ app_begin ] --END-- [ RunTime:0.000000s ]

[ 2017-09-09T11:22:42+08:00 ] 127.0.0.1 /index.php/Admin/Agency/add.html
INFO: [ app_init ] --START--
INFO: Run Behavior\BuildLiteBehavior [ RunTime:0.000000s ]
INFO: [ app_init ] --END-- [ RunTime:0.000000s ]
INFO: [ app_begin ] --START--
INFO: Run Behavior\ReadHtmlCacheBehavior [ RunTime:0.000000s ]
INFO: [ app_begin ] --END-- [ RunTime:0.000000s ]

[ 2017-09-09T11:22:50+08:00 ] 127.0.0.1 /index.php/Admin/Agency/add.html
INFO: [ app_init ] --START--
INFO: Run Behavior\BuildLiteBehavior [ RunTime:0.000000s ]
INFO: [ app_init ] --END-- [ RunTime:0.001000s ]
INFO: [ app_begin ] --START--
INFO: Run Behavior\ReadHtmlCacheBehavior [ RunTime:0.001000s ]
INFO: [ app_begin ] --END-- [ RunTime:0.001000s ]
NOTIC: [2048] Declaration of Admin\Controller\AgencyController::show() should be compatible with Think\Controller::show($content, $charset = '', $contentType = '', $prefix = '') D:\phpStudy\WWW\ecshop\Application\Admin\Controller\AgencyController.class.php 第 4 行.
SQL: SHOW COLUMNS FROM `tp_role` [ RunTime:0.0070s ]
SQL: SELECT * FROM `tp_role` WHERE `role_id` = 1 LIMIT 1   [ RunTime:0.0000s ]
SQL: SHOW COLUMNS FROM `tp_agency` [ RunTime:0.0070s ]
SQL: SELECT `code` FROM `tp_agency` WHERE ( username = 'root' ) LIMIT 1   [ RunTime:0.0010s ]
SQL: SELECT `p_name` FROM `tp_agency` WHERE ( username = 'root' ) LIMIT 1   [ RunTime:0.0000s ]

[ 2017-09-09T11:23:24+08:00 ] 127.0.0.1 /index.php/Admin/Agency/add.html
INFO: [ app_init ] --START--
INFO: Run Behavior\BuildLiteBehavior [ RunTime:0.000000s ]
INFO: [ app_init ] --END-- [ RunTime:0.001000s ]
INFO: [ app_begin ] --START--
INFO: Run Behavior\ReadHtmlCacheBehavior [ RunTime:0.000000s ]
INFO: [ app_begin ] --END-- [ RunTime:0.000000s ]
NOTIC: [2048] Declaration of Admin\Controller\AgencyController::show() should be compatible with Think\Controller::show($content, $charset = '', $contentType = '', $prefix = '') D:\phpStudy\WWW\ecshop\Application\Admin\Controller\AgencyController.class.php 第 4 行.
SQL: SHOW COLUMNS FROM `tp_role` [ RunTime:0.0070s ]
SQL: SELECT * FROM `tp_role` WHERE `role_id` = 1 LIMIT 1   [ RunTime:0.0010s ]
SQL: SHOW COLUMNS FROM `tp_agency` [ RunTime:0.0070s ]
SQL: SELECT `code` FROM `tp_agency` WHERE ( username = 'root' ) LIMIT 1   [ RunTime:0.0000s ]
SQL: SELECT `p_name` FROM `tp_agency` WHERE ( username = 'root' ) LIMIT 1   [ RunTime:0.0000s ]

[ 2017-09-09T11:23:59+08:00 ] 127.0.0.1 /index.php/Admin/Agency/add.html
INFO: [ app_init ] --START--
INFO: Run Behavior\BuildLiteBehavior [ RunTime:0.000000s ]
INFO: [ app_init ] --END-- [ RunTime:0.001000s ]
INFO: [ app_begin ] --START--
INFO: Run Behavior\ReadHtmlCacheBehavior [ RunTime:0.000000s ]
INFO: [ app_begin ] --END-- [ RunTime:0.000000s ]
NOTIC: [2048] Declaration of Admin\Controller\AgencyController::show() should be compatible with Think\Controller::show($content, $charset = '', $contentType = '', $prefix = '') D:\phpStudy\WWW\ecshop\Application\Admin\Controller\AgencyController.class.php 第 4 行.
SQL: SHOW COLUMNS FROM `tp_role` [ RunTime:0.0070s ]
SQL: SELECT * FROM `tp_role` WHERE `role_id` = 1 LIMIT 1   [ RunTime:0.0030s ]
SQL: SHOW COLUMNS FROM `tp_agency` [ RunTime:0.0070s ]
SQL: SELECT `code` FROM `tp_agency` WHERE ( username = 'root' ) LIMIT 1   [ RunTime:0.0010s ]
SQL: SELECT `p_name` FROM `tp_agency` WHERE ( username = 'root' ) LIMIT 1   [ RunTime:0.0010s ]

[ 2017-09-09T11:24:36+08:00 ] 127.0.0.1 /index.php/Admin/Agency/add.html
INFO: [ app_init ] --START--
INFO: Run Behavior\BuildLiteBehavior [ RunTime:0.000000s ]
INFO: [ app_init ] --END-- [ RunTime:0.001000s ]
INFO: [ app_begin ] --START--
INFO: Run Behavior\ReadHtmlCacheBehavior [ RunTime:0.000000s ]
INFO: [ app_begin ] --END-- [ RunTime:0.000000s ]
NOTIC: [2048] Declaration of Admin\Controller\AgencyController::show() should be compatible with Think\Controller::show($content, $charset = '', $contentType = '', $prefix = '') D:\phpStudy\WWW\ecshop\Application\Admin\Controller\AgencyController.class.php 第 4 行.
SQL: SHOW COLUMNS FROM `tp_role` [ RunTime:0.0060s ]
SQL: SELECT * FROM `tp_role` WHERE `role_id` = 1 LIMIT 1   [ RunTime:0.0000s ]
SQL: SHOW COLUMNS FROM `tp_agency` [ RunTime:0.0070s ]
SQL: SELECT `code` FROM `tp_agency` WHERE ( username = 'root' ) LIMIT 1   [ RunTime:0.0000s ]
SQL: SELECT `p_name` FROM `tp_agency` WHERE ( username = 'root' ) LIMIT 1   [ RunTime:0.0000s ]

[ 2017-09-09T11:25:40+08:00 ] 127.0.0.1 /index.php/Admin/Agency/add.html
INFO: [ app_init ] --START--
INFO: Run Behavior\BuildLiteBehavior [ RunTime:0.001000s ]
INFO: [ app_init ] --END-- [ RunTime:0.001000s ]
INFO: [ app_begin ] --START--
INFO: Run Behavior\ReadHtmlCacheBehavior [ RunTime:0.000000s ]
INFO: [ app_begin ] --END-- [ RunTime:0.000000s ]
NOTIC: [2048] Declaration of Admin\Controller\AgencyController::show() should be compatible with Think\Controller::show($content, $charset = '', $contentType = '', $prefix = '') D:\phpStudy\WWW\ecshop\Application\Admin\Controller\AgencyController.class.php 第 4 行.
SQL: SHOW COLUMNS FROM `tp_role` [ RunTime:0.0060s ]
SQL: SELECT * FROM `tp_role` WHERE `role_id` = 1 LIMIT 1   [ RunTime:0.0000s ]
SQL: SHOW COLUMNS FROM `tp_agency` [ RunTime:0.0070s ]
SQL: SELECT `code` FROM `tp_agency` WHERE ( username = 'root' ) LIMIT 1   [ RunTime:0.0000s ]
SQL: SELECT `p_name` FROM `tp_agency` WHERE ( username = 'root' ) LIMIT 1   [ RunTime:0.0010s ]

[ 2017-09-09T11:26:19+08:00 ] 127.0.0.1 /index.php/Admin/Agency/add.html
INFO: [ app_init ] --START--
INFO: Run Behavior\BuildLiteBehavior [ RunTime:0.000000s ]
INFO: [ app_init ] --END-- [ RunTime:0.001000s ]
INFO: [ app_begin ] --START--
INFO: Run Behavior\ReadHtmlCacheBehavior [ RunTime:0.000000s ]
INFO: [ app_begin ] --END-- [ RunTime:0.000000s ]
NOTIC: [2048] Declaration of Admin\Controller\AgencyController::show() should be compatible with Think\Controller::show($content, $charset = '', $contentType = '', $prefix = '') D:\phpStudy\WWW\ecshop\Application\Admin\Controller\AgencyController.class.php 第 4 行.
SQL: SHOW COLUMNS FROM `tp_role` [ RunTime:0.0070s ]
SQL: SELECT * FROM `tp_role` WHERE `role_id` = 1 LIMIT 1   [ RunTime:0.0010s ]
SQL: SHOW COLUMNS FROM `tp_agency` [ RunTime:0.0070s ]
SQL: SELECT `code` FROM `tp_agency` WHERE ( username = 'root' ) LIMIT 1   [ RunTime:0.0000s ]
SQL: SELECT `p_name` FROM `tp_agency` WHERE ( username = 'root' ) LIMIT 1   [ RunTime:0.0010s ]

[ 2017-09-09T11:27:38+08:00 ] 127.0.0.1 /index.php/Admin/Agency/add.html
INFO: [ app_init ] --START--
INFO: Run Behavior\BuildLiteBehavior [ RunTime:0.000000s ]
INFO: [ app_init ] --END-- [ RunTime:0.000000s ]
INFO: [ app_begin ] --START--
INFO: Run Behavior\ReadHtmlCacheBehavior [ RunTime:0.000000s ]
INFO: [ app_begin ] --END-- [ RunTime:0.000000s ]
NOTIC: [2048] Declaration of Admin\Controller\AgencyController::show() should be compatible with Think\Controller::show($content, $charset = '', $contentType = '', $prefix = '') D:\phpStudy\WWW\ecshop\Application\Admin\Controller\AgencyController.class.php 第 4 行.
SQL: SHOW COLUMNS FROM `tp_role` [ RunTime:0.0060s ]
SQL: SELECT * FROM `tp_role` WHERE `role_id` = 1 LIMIT 1   [ RunTime:0.0000s ]
SQL: SHOW COLUMNS FROM `tp_agency` [ RunTime:0.0080s ]
SQL: SELECT `code` FROM `tp_agency` WHERE ( username = 'root' ) LIMIT 1   [ RunTime:0.0010s ]
SQL: SELECT `p_name` FROM `tp_agency` WHERE ( username = 'root' ) LIMIT 1   [ RunTime:0.0000s ]

[ 2017-09-09T11:28:11+08:00 ] 127.0.0.1 /index.php/Admin/Agency/add.html
INFO: [ app_init ] --START--
INFO: Run Behavior\BuildLiteBehavior [ RunTime:0.000000s ]
INFO: [ app_init ] --END-- [ RunTime:0.001000s ]
INFO: [ app_begin ] --START--
INFO: Run Behavior\ReadHtmlCacheBehavior [ RunTime:0.001000s ]
INFO: [ app_begin ] --END-- [ RunTime:0.001000s ]
NOTIC: [2048] Declaration of Admin\Controller\AgencyController::show() should be compatible with Think\Controller::show($content, $charset = '', $contentType = '', $prefix = '') D:\phpStudy\WWW\ecshop\Application\Admin\Controller\AgencyController.class.php 第 4 行.
SQL: SHOW COLUMNS FROM `tp_role` [ RunTime:0.0080s ]
SQL: SELECT * FROM `tp_role` WHERE `role_id` = 1 LIMIT 1   [ RunTime:0.0010s ]
SQL: SHOW COLUMNS FROM `tp_agency` [ RunTime:0.0080s ]
SQL: SELECT `code` FROM `tp_agency` WHERE ( username = 'root' ) LIMIT 1   [ RunTime:0.0000s ]
SQL: SELECT `p_name` FROM `tp_agency` WHERE ( username = 'root' ) LIMIT 1   [ RunTime:0.0000s ]

[ 2017-09-09T11:28:17+08:00 ] 127.0.0.1 /index.php/Admin/Agency/add.html
INFO: [ app_init ] --START--
INFO: Run Behavior\BuildLiteBehavior [ RunTime:0.000000s ]
INFO: [ app_init ] --END-- [ RunTime:0.000000s ]
INFO: [ app_begin ] --START--
INFO: Run Behavior\ReadHtmlCacheBehavior [ RunTime:0.000000s ]
INFO: [ app_begin ] --END-- [ RunTime:0.000000s ]
NOTIC: [2048] Declaration of Admin\Controller\AgencyController::show() should be compatible with Think\Controller::show($content, $charset = '', $contentType = '', $prefix = '') D:\phpStudy\WWW\ecshop\Application\Admin\Controller\AgencyController.class.php 第 4 行.
SQL: SHOW COLUMNS FROM `tp_role` [ RunTime:0.0060s ]
SQL: SELECT * FROM `tp_role` WHERE `role_id` = 1 LIMIT 1   [ RunTime:0.0010s ]
SQL: SHOW COLUMNS FROM `tp_agency` [ RunTime:0.0080s ]
SQL: SELECT `code` FROM `tp_agency` WHERE ( username = 'root' ) LIMIT 1   [ RunTime:0.0000s ]
SQL: SELECT `p_name` FROM `tp_agency` WHERE ( username = 'root' ) LIMIT 1   [ RunTime:0.0000s ]

[ 2017-09-09T11:28:43+08:00 ] 127.0.0.1 /index.php/Admin/Agency/add.html
INFO: [ app_init ] --START--
INFO: Run Behavior\BuildLiteBehavior [ RunTime:0.000000s ]
INFO: [ app_init ] --END-- [ RunTime:0.001000s ]
INFO: [ app_begin ] --START--
INFO: Run Behavior\ReadHtmlCacheBehavior [ RunTime:0.001000s ]
INFO: [ app_begin ] --END-- [ RunTime:0.001000s ]
NOTIC: [2048] Declaration of Admin\Controller\AgencyController::show() should be compatible with Think\Controller::show($content, $charset = '', $contentType = '', $prefix = '') D:\phpStudy\WWW\ecshop\Application\Admin\Controller\AgencyController.class.php 第 4 行.
SQL: SHOW COLUMNS FROM `tp_role` [ RunTime:0.0070s ]
SQL: SELECT * FROM `tp_role` WHERE `role_id` = 1 LIMIT 1   [ RunTime:0.0000s ]
SQL: SHOW COLUMNS FROM `tp_agency` [ RunTime:0.0070s ]
SQL: SELECT `code` FROM `tp_agency` WHERE ( username = 'root' ) LIMIT 1   [ RunTime:0.0010s ]
SQL: SELECT `p_name` FROM `tp_agency` WHERE ( username = 'root' ) LIMIT 1   [ RunTime:0.0000s ]

[ 2017-09-09T11:30:43+08:00 ] 127.0.0.1 /index.php/Admin/Agency/add.html
INFO: [ app_init ] --START--
INFO: Run Behavior\BuildLiteBehavior [ RunTime:0.000000s ]
INFO: [ app_init ] --END-- [ RunTime:0.000000s ]
INFO: [ app_begin ] --START--
INFO: Run Behavior\ReadHtmlCacheBehavior [ RunTime:0.001000s ]
INFO: [ app_begin ] --END-- [ RunTime:0.001000s ]
NOTIC: [2048] Declaration of Admin\Controller\AgencyController::show() should be compatible with Think\Controller::show($content, $charset = '', $contentType = '', $prefix = '') D:\phpStudy\WWW\ecshop\Application\Admin\Controller\AgencyController.class.php 第 4 行.
SQL: SHOW COLUMNS FROM `tp_role` [ RunTime:0.0070s ]
SQL: SELECT * FROM `tp_role` WHERE `role_id` = 1 LIMIT 1   [ RunTime:0.0010s ]
SQL: SHOW COLUMNS FROM `tp_agency` [ RunTime:0.0080s ]
SQL: SELECT `code` FROM `tp_agency` WHERE ( username = 'root' ) LIMIT 1   [ RunTime:0.0000s ]
SQL: SELECT `p_name` FROM `tp_agency` WHERE ( username = 'root' ) LIMIT 1   [ RunTime:0.0010s ]

[ 2017-09-09T11:30:52+08:00 ] 127.0.0.1 /index.php/Admin/Agency/add.html
INFO: [ app_init ] --START--
INFO: Run Behavior\BuildLiteBehavior [ RunTime:0.000000s ]
INFO: [ app_init ] --END-- [ RunTime:0.000000s ]
INFO: [ app_begin ] --START--
INFO: Run Behavior\ReadHtmlCacheBehavior [ RunTime:0.000000s ]
INFO: [ app_begin ] --END-- [ RunTime:0.000000s ]
NOTIC: [2048] Declaration of Admin\Controller\AgencyController::show() should be compatible with Think\Controller::show($content, $charset = '', $contentType = '', $prefix = '') D:\phpStudy\WWW\ecshop\Application\Admin\Controller\AgencyController.class.php 第 4 行.
SQL: SHOW COLUMNS FROM `tp_role` [ RunTime:0.0070s ]
SQL: SELECT * FROM `tp_role` WHERE `role_id` = 1 LIMIT 1   [ RunTime:0.0010s ]
SQL: SHOW COLUMNS FROM `tp_agency` [ RunTime:0.0070s ]
SQL: SELECT `code` FROM `tp_agency` WHERE ( username = 'root' ) LIMIT 1   [ RunTime:0.0010s ]
SQL: SELECT `p_name` FROM `tp_agency` WHERE ( username = 'root' ) LIMIT 1   [ RunTime:0.0000s ]

[ 2017-09-09T11:31:22+08:00 ] 127.0.0.1 /index.php/Admin/Agency/add.html
INFO: [ app_init ] --START--
INFO: Run Behavior\BuildLiteBehavior [ RunTime:0.000000s ]
INFO: [ app_init ] --END-- [ RunTime:0.001000s ]
INFO: [ app_begin ] --START--
INFO: Run Behavior\ReadHtmlCacheBehavior [ RunTime:0.000000s ]
INFO: [ app_begin ] --END-- [ RunTime:0.000000s ]
NOTIC: [2048] Declaration of Admin\Controller\AgencyController::show() should be compatible with Think\Controller::show($content, $charset = '', $contentType = '', $prefix = '') D:\phpStudy\WWW\ecshop\Application\Admin\Controller\AgencyController.class.php 第 4 行.
SQL: SHOW COLUMNS FROM `tp_role` [ RunTime:0.0060s ]
SQL: SELECT * FROM `tp_role` WHERE `role_id` = 1 LIMIT 1   [ RunTime:0.0000s ]
SQL: SHOW COLUMNS FROM `tp_agency` [ RunTime:0.0070s ]
SQL: SELECT `code` FROM `tp_agency` WHERE ( username = 'root' ) LIMIT 1   [ RunTime:0.0000s ]
SQL: SELECT `p_name` FROM `tp_agency` WHERE ( username = 'root' ) LIMIT 1   [ RunTime:0.0000s ]

[ 2017-09-09T11:31:42+08:00 ] 127.0.0.1 /index.php/Admin/Agency/add.html
INFO: [ app_init ] --START--
INFO: Run Behavior\BuildLiteBehavior [ RunTime:0.000000s ]
INFO: [ app_init ] --END-- [ RunTime:0.001000s ]
INFO: [ app_begin ] --START--
INFO: Run Behavior\ReadHtmlCacheBehavior [ RunTime:0.001000s ]
INFO: [ app_begin ] --END-- [ RunTime:0.001000s ]
NOTIC: [2048] Declaration of Admin\Controller\AgencyController::show() should be compatible with Think\Controller::show($content, $charset = '', $contentType = '', $prefix = '') D:\phpStudy\WWW\ecshop\Application\Admin\Controller\AgencyController.class.php 第 4 行.
SQL: SHOW COLUMNS FROM `tp_role` [ RunTime:0.0060s ]
SQL: SELECT * FROM `tp_role` WHERE `role_id` = 1 LIMIT 1   [ RunTime:0.0000s ]
SQL: SHOW COLUMNS FROM `tp_agency` [ RunTime:0.0070s ]
SQL: SELECT `code` FROM `tp_agency` WHERE ( username = 'root' ) LIMIT 1   [ RunTime:0.0010s ]
SQL: SELECT `p_name` FROM `tp_agency` WHERE ( username = 'root' ) LIMIT 1   [ RunTime:0.0000s ]

[ 2017-09-09T14:01:24+08:00 ] 127.0.0.1 /index.php/Admin/Agency/add.html
INFO: [ app_init ] --START--
INFO: Run Behavior\BuildLiteBehavior [ RunTime:0.000000s ]
INFO: [ app_init ] --END-- [ RunTime:0.001000s ]
INFO: [ app_begin ] --START--
INFO: Run Behavior\ReadHtmlCacheBehavior [ RunTime:0.000000s ]
INFO: [ app_begin ] --END-- [ RunTime:0.000000s ]
NOTIC: [2048] Declaration of Admin\Controller\AgencyController::show() should be compatible with Think\Controller::show($content, $charset = '', $contentType = '', $prefix = '') D:\phpStudy\WWW\ecshop\Application\Admin\Controller\AgencyController.class.php 第 4 行.
SQL: SHOW COLUMNS FROM `tp_role` [ RunTime:0.0050s ]
SQL: SELECT * FROM `tp_role` WHERE `role_id` = 1 LIMIT 1   [ RunTime:0.0000s ]
SQL: SHOW COLUMNS FROM `tp_agency` [ RunTime:0.0070s ]
SQL: SELECT `code` FROM `tp_agency` WHERE ( username = 'root' ) LIMIT 1   [ RunTime:0.0010s ]
SQL: SELECT `p_name` FROM `tp_agency` WHERE ( username = 'root' ) LIMIT 1   [ RunTime:0.0000s ]

[ 2017-09-09T14:01:39+08:00 ] 127.0.0.1 /index.php/Admin/Agency/add.html
INFO: [ app_init ] --START--
INFO: Run Behavior\BuildLiteBehavior [ RunTime:0.000000s ]
INFO: [ app_init ] --END-- [ RunTime:0.000000s ]
INFO: [ app_begin ] --START--
INFO: Run Behavior\ReadHtmlCacheBehavior [ RunTime:0.001000s ]
INFO: [ app_begin ] --END-- [ RunTime:0.001000s ]
NOTIC: [2048] Declaration of Admin\Controller\AgencyController::show() should be compatible with Think\Controller::show($content, $charset = '', $contentType = '', $prefix = '') D:\phpStudy\WWW\ecshop\Application\Admin\Controller\AgencyController.class.php 第 4 行.
SQL: SHOW COLUMNS FROM `tp_role` [ RunTime:0.0070s ]
SQL: SELECT * FROM `tp_role` WHERE `role_id` = 1 LIMIT 1   [ RunTime:0.0000s ]
SQL: SHOW COLUMNS FROM `tp_agency` [ RunTime:0.0070s ]
SQL: SELECT `code` FROM `tp_agency` WHERE ( username = 'root' ) LIMIT 1   [ RunTime:0.0010s ]
SQL: SELECT `p_name` FROM `tp_agency` WHERE ( username = 'root' ) LIMIT 1   [ RunTime:0.0000s ]
NOTIC: [8] Undefined index: validate D:\phpStudy\WWW\ecshop\ThinkPHP\Library\Think\Model.class.php 第 1185 行.
SQL: SELECT * FROM `tp_agency` WHERE `username` = 'qwe' LIMIT 1   [ RunTime:0.0010s ]
NOTIC: [8] Undefined index: auto D:\phpStudy\WWW\ecshop\ThinkPHP\Library\Think\Model.class.php 第 1128 行.
NOTIC: [2] Missing argument 2 for Admin\Model\AgencyModel::password() D:\phpStudy\WWW\ecshop\Application\Admin\Model\AgencyModel.class.php 第 53 行.
NOTIC: [8] Undefined variable: salt D:\phpStudy\WWW\ecshop\Application\Admin\Model\AgencyModel.class.php 第 54 行.
NOTIC: [8] Undefined variable: salt D:\phpStudy\WWW\ecshop\Application\Admin\Model\AgencyModel.class.php 第 54 行.
NOTIC: [8] Undefined offset: 0 D:\phpStudy\WWW\ecshop\ThinkPHP\Library\Think\Db\Driver.class.php 第 803 行.
SQL: INSERT INTO `tp_agency` (`role_id`,`mobile`,`code`,`create_time`,`login_time`,`login_ip`,`p_code`,`real_name`,`username`,`salt`,`password`,`level`) VALUES ('3','12345678909','788718','2017:09:09 14:01:39','2017:09:09 14:01:39','127.0.0.1','11111','qwe','qwe','58377','781e87bd4909191acd055f26dd3abe94732ac22f','二级代理') [ RunTime:0.0010s ]
INFO: [ view_parse ] --START--
INFO: [ template_filter ] --START--
INFO: Run Behavior\ContentReplaceBehavior [ RunTime:0.000000s ]
INFO: [ template_filter ] --END-- [ RunTime:0.000000s ]
INFO: Run Behavior\ParseTemplateBehavior [ RunTime:0.016001s ]
INFO: [ view_parse ] --END-- [ RunTime:0.016001s ]
INFO: [ view_filter ] --START--
INFO: Run Behavior\WriteHtmlCacheBehavior [ RunTime:0.000000s ]
INFO: [ view_filter ] --END-- [ RunTime:0.000000s ]

[ 2017-09-09T14:01:49+08:00 ] 127.0.0.1 /index.php/Admin/Agency/index.html
INFO: [ app_init ] --START--
INFO: Run Behavior\BuildLiteBehavior [ RunTime:0.000000s ]
INFO: [ app_init ] --END-- [ RunTime:0.000000s ]
INFO: [ app_begin ] --START--
INFO: Run Behavior\ReadHtmlCacheBehavior [ RunTime:0.001000s ]
INFO: [ app_begin ] --END-- [ RunTime:0.001000s ]
NOTIC: [2048] Declaration of Admin\Controller\AgencyController::show() should be compatible with Think\Controller::show($content, $charset = '', $contentType = '', $prefix = '') D:\phpStudy\WWW\ecshop\Application\Admin\Controller\AgencyController.class.php 第 4 行.
SQL: SHOW COLUMNS FROM `tp_role` [ RunTime:0.0060s ]
SQL: SELECT * FROM `tp_role` WHERE `role_id` = 1 LIMIT 1   [ RunTime:0.0010s ]
SQL: SHOW COLUMNS FROM `tp_agency` [ RunTime:0.0060s ]
SQL: SELECT COUNT(*) AS tp_count FROM `tp_agency` LIMIT 1   [ RunTime:0.0010s ]
SQL: SELECT * FROM `tp_agency` LIMIT 0,10   [ RunTime:0.0010s ]
INFO: [ view_parse ] --START--
INFO: [ template_filter ] --START--
INFO: Run Behavior\ContentReplaceBehavior [ RunTime:0.000000s ]
INFO: [ template_filter ] --END-- [ RunTime:0.000000s ]
INFO: Run Behavior\ParseTemplateBehavior [ RunTime:0.009001s ]
INFO: [ view_parse ] --END-- [ RunTime:0.009001s ]
INFO: [ view_filter ] --START--
INFO: Run Behavior\WriteHtmlCacheBehavior [ RunTime:0.000000s ]
INFO: [ view_filter ] --END-- [ RunTime:0.000000s ]
INFO: [ app_end ] --START--
INFO: Run Behavior\ShowPageTraceBehavior [ RunTime:0.001000s ]
INFO: [ app_end ] --END-- [ RunTime:0.001000s ]

[ 2017-09-09T14:02:42+08:00 ] 127.0.0.1 /index.php/Admin/Agency/add1.html
INFO: [ app_init ] --START--
INFO: Run Behavior\BuildLiteBehavior [ RunTime:0.000000s ]
INFO: [ app_init ] --END-- [ RunTime:0.001000s ]
INFO: [ app_begin ] --START--
INFO: Run Behavior\ReadHtmlCacheBehavior [ RunTime:0.001000s ]
INFO: [ app_begin ] --END-- [ RunTime:0.001000s ]
NOTIC: [2048] Declaration of Admin\Controller\AgencyController::show() should be compatible with Think\Controller::show($content, $charset = '', $contentType = '', $prefix = '') D:\phpStudy\WWW\ecshop\Application\Admin\Controller\AgencyController.class.php 第 4 行.
SQL: SHOW COLUMNS FROM `tp_role` [ RunTime:0.0050s ]
SQL: SELECT * FROM `tp_role` WHERE `role_id` = 1 LIMIT 1   [ RunTime:0.0010s ]
SQL: SELECT * FROM `tp_role`  [ RunTime:0.0000s ]
INFO: [ view_parse ] --START--
INFO: [ template_filter ] --START--
INFO: Run Behavior\ContentReplaceBehavior [ RunTime:0.000000s ]
INFO: [ template_filter ] --END-- [ RunTime:0.000000s ]
INFO: Run Behavior\ParseTemplateBehavior [ RunTime:0.009001s ]
INFO: [ view_parse ] --END-- [ RunTime:0.009001s ]
INFO: [ view_filter ] --START--
INFO: Run Behavior\WriteHtmlCacheBehavior [ RunTime:0.000000s ]
INFO: [ view_filter ] --END-- [ RunTime:0.000000s ]
INFO: [ app_end ] --START--
INFO: Run Behavior\ShowPageTraceBehavior [ RunTime:0.000000s ]
INFO: [ app_end ] --END-- [ RunTime:0.000000s ]

[ 2017-09-09T14:03:04+08:00 ] 127.0.0.1 /index.php/Admin/Agency/add.html
INFO: [ app_init ] --START--
INFO: Run Behavior\BuildLiteBehavior [ RunTime:0.000000s ]
INFO: [ app_init ] --END-- [ RunTime:0.000000s ]
INFO: [ app_begin ] --START--
INFO: Run Behavior\ReadHtmlCacheBehavior [ RunTime:0.001000s ]
INFO: [ app_begin ] --END-- [ RunTime:0.001000s ]
NOTIC: [2048] Declaration of Admin\Controller\AgencyController::show() should be compatible with Think\Controller::show($content, $charset = '', $contentType = '', $prefix = '') D:\phpStudy\WWW\ecshop\Application\Admin\Controller\AgencyController.class.php 第 4 行.
SQL: SHOW COLUMNS FROM `tp_role` [ RunTime:0.0050s ]
SQL: SELECT * FROM `tp_role` WHERE `role_id` = 1 LIMIT 1   [ RunTime:0.0010s ]
SQL: SHOW COLUMNS FROM `tp_agency` [ RunTime:0.0070s ]
SQL: SELECT `code` FROM `tp_agency` WHERE ( username = 'root' ) LIMIT 1   [ RunTime:0.0010s ]
SQL: SELECT `p_name` FROM `tp_agency` WHERE ( username = 'root' ) LIMIT 1   [ RunTime:0.0000s ]
NOTIC: [8] Undefined index: validate D:\phpStudy\WWW\ecshop\ThinkPHP\Library\Think\Model.class.php 第 1185 行.
SQL: SELECT * FROM `tp_agency` WHERE `username` = 'qwer' LIMIT 1   [ RunTime:0.0010s ]
NOTIC: [8] Undefined index: auto D:\phpStudy\WWW\ecshop\ThinkPHP\Library\Think\Model.class.php 第 1128 行.
NOTIC: [2] Missing argument 2 for Admin\Model\AgencyModel::password() D:\phpStudy\WWW\ecshop\Application\Admin\Model\AgencyModel.class.php 第 53 行.
NOTIC: [8] Undefined variable: salt D:\phpStudy\WWW\ecshop\Application\Admin\Model\AgencyModel.class.php 第 54 行.
NOTIC: [8] Undefined variable: salt D:\phpStudy\WWW\ecshop\Application\Admin\Model\AgencyModel.class.php 第 54 行.
NOTIC: [8] Undefined offset: 0 D:\phpStudy\WWW\ecshop\ThinkPHP\Library\Think\Db\Driver.class.php 第 803 行.
SQL: INSERT INTO `tp_agency` (`agency_id`,`role_id`,`mobile`,`code`,`create_time`,`login_time`,`login_ip`,`p_code`,`real_name`,`username`,`salt`,`password`,`level`) VALUES ('3','4','12342213128','469955','2017:09:09 14:03:04','2017:09:09 14:03:04','127.0.0.1','11111','qwer','qwer','99293','3913643df182d3578198b554289f7d5c740239db','三级代理') [ RunTime:0.0010s ]
INFO: [ view_parse ] --START--
INFO: [ template_filter ] --START--
INFO: Run Behavior\ContentReplaceBehavior [ RunTime:0.000000s ]
INFO: [ template_filter ] --END-- [ RunTime:0.000000s ]
INFO: Run Behavior\ParseTemplateBehavior [ RunTime:0.006000s ]
INFO: [ view_parse ] --END-- [ RunTime:0.006000s ]
INFO: [ view_filter ] --START--
INFO: Run Behavior\WriteHtmlCacheBehavior [ RunTime:0.001000s ]
INFO: [ view_filter ] --END-- [ RunTime:0.001000s ]

[ 2017-09-09T14:03:15+08:00 ] 127.0.0.1 /index.php/Admin/Agency/index.html
INFO: [ app_init ] --START--
INFO: Run Behavior\BuildLiteBehavior [ RunTime:0.000000s ]
INFO: [ app_init ] --END-- [ RunTime:0.000000s ]
INFO: [ app_begin ] --START--
INFO: Run Behavior\ReadHtmlCacheBehavior [ RunTime:0.001000s ]
INFO: [ app_begin ] --END-- [ RunTime:0.001000s ]
NOTIC: [2048] Declaration of Admin\Controller\AgencyController::show() should be compatible with Think\Controller::show($content, $charset = '', $contentType = '', $prefix = '') D:\phpStudy\WWW\ecshop\Application\Admin\Controller\AgencyController.class.php 第 4 行.
SQL: SHOW COLUMNS FROM `tp_role` [ RunTime:0.0060s ]
SQL: SELECT * FROM `tp_role` WHERE `role_id` = 1 LIMIT 1   [ RunTime:0.0000s ]
SQL: SHOW COLUMNS FROM `tp_agency` [ RunTime:0.0070s ]
SQL: SELECT COUNT(*) AS tp_count FROM `tp_agency` LIMIT 1   [ RunTime:0.0000s ]
SQL: SELECT * FROM `tp_agency` LIMIT 0,10   [ RunTime:0.0000s ]
INFO: [ view_parse ] --START--
INFO: [ template_filter ] --START--
INFO: Run Behavior\ContentReplaceBehavior [ RunTime:0.000000s ]
INFO: [ template_filter ] --END-- [ RunTime:0.000000s ]
INFO: Run Behavior\ParseTemplateBehavior [ RunTime:0.010001s ]
INFO: [ view_parse ] --END-- [ RunTime:0.010001s ]
INFO: [ view_filter ] --START--
INFO: Run Behavior\WriteHtmlCacheBehavior [ RunTime:0.000000s ]
INFO: [ view_filter ] --END-- [ RunTime:0.000000s ]
INFO: [ app_end ] --START--
INFO: Run Behavior\ShowPageTraceBehavior [ RunTime:0.001000s ]
INFO: [ app_end ] --END-- [ RunTime:0.001000s ]

